\BOOKMARK [1][-]{section.1}{P09 PS02 2.8 Work in a cyclic process}{}% 1
\BOOKMARK [1][-]{section.2}{P10 PS02 2.13}{}% 2
\BOOKMARK [1][-]{section.3}{P11 PS03 2.15}{}% 3
\BOOKMARK [1][-]{section.4}{P12 PS03 2.17 Compression of air}{}% 4
\BOOKMARK [1][-]{section.5}{P13 PS03 2.18 Work done in a quasistatic adiabatic process}{}% 5
\BOOKMARK [1][-]{section.6}{P14 PS03 2.20 Heat pump}{}% 6
\BOOKMARK [1][-]{section.7}{P15 PS03 2.21 Water in contact with two heat baths in succession}{}% 7
\BOOKMARK [1][-]{section.8}{P16 PS04 2.23 More work}{}% 8
\BOOKMARK [1][-]{section.9}{P17 PS04 2.24 Applications of \(2.133\)}{}% 9
\BOOKMARK [1][-]{section.10}{P18 PS04 2.26 Maximum useful work and free energy changes}{}% 10
\BOOKMARK [1][-]{section.11}{P19 PS04 2.25 The enthalpy}{}% 11
\BOOKMARK [1][-]{section.12}{P20 PS04 2.27 More Maxwell relations}{}% 12
\BOOKMARK [1][-]{section.13}{P21 PS05 2.29 Free expansion of a van der Waals gas}{}% 13
\BOOKMARK [1][-]{section.14}{P22 PS05 2.32 Simple Legendre transforms}{}% 14
\BOOKMARK [1][-]{section.15}{P23 PS05 2.33 Helmholtz free energy as a Legendre transform}{}% 15
\BOOKMARK [1][-]{section.16}{P24 PS05 2.54 Black hole thermodynamics}{}% 16
\BOOKMARK [1][-]{section.17}{P25 PS05 2.57 More work}{}% 17
\BOOKMARK [1][-]{section.18}{P26 PS06 3.20 Uncertainty}{}% 18
\BOOKMARK [1][-]{section.19}{P27 PS06 3.25 Testing accuracy}{}% 19
\BOOKMARK [1][-]{section.20}{P28 PS06 3.34 Density fluctuations}{}% 20
\BOOKMARK [1][-]{section.21}{P29 PS06 3.35 Random walk}{}% 21
\BOOKMARK [1][-]{section.22}{P30 PS06 3.37 Calculation of the normalization constant}{}% 22
\BOOKMARK [1][-]{section.23}{P31 PS07 3.39 Exponential probability density}{}% 23
\BOOKMARK [1][-]{section.24}{P32 PS07 3.40 Probability density for velocity}{}% 24
\BOOKMARK [1][-]{section.25}{P33 PS07 3.43 Other probability distributions}{}% 25
\BOOKMARK [1][-]{section.26}{P34 PS07 3.45 Central limit theorem}{}% 26
\BOOKMARK [1][-]{section.27}{P35 PS07 3.72 Alternative derivation of the Gaussian distribution}{}% 27
\BOOKMARK [1][-]{section.28}{P36 PS08 4.5 Standard deviation of the energy of subsystem A}{}% 28
\BOOKMARK [1][-]{section.29}{P37 PS08 4.10 Rapid increase in the number of states}{}% 29
\BOOKMARK [1][-]{section.30}{P38 PS08 4.14 Estimation of number of states}{}% 30
\BOOKMARK [1][-]{section.31}{P39 PS08 4.15 Approximate expression for \(E,V,N\)}{}% 31
\BOOKMARK [1][-]{section.32}{P40 PS08 4.16 Density of states of ideal gas}{}% 32
\BOOKMARK [1][-]{section.33}{P41 PS08 4.19 The Sackur-Tetrode expression for the entropy}{}% 33
\BOOKMARK [1][-]{section.34}{P42 PS08 4.20 Chemical potential of an ideal gas}{}% 34
\BOOKMARK [1][-]{section.35}{P43 PS08 4.21 The energy as a function of the temperature}{}% 35
\BOOKMARK [1][-]{section.36}{P44 PS08 4.22 The Einstein solid in the microcanonical ensemble}{}% 36
\BOOKMARK [1][-]{section.37}{P45 PS08 4.24 Relative abundance of two isomers}{}% 37
\BOOKMARK [1][-]{section.38}{P46 PS08 4.25 Distribution of energy in the canonical ensemble}{}% 38
\BOOKMARK [1][-]{section.39}{P47 PS08 4.26}{}% 39
\BOOKMARK [1][-]{section.40}{P48 PS08 4.28 Thermodynamic properties of a system of harmonic oscillators}{}% 40
\BOOKMARK [1][-]{section.41}{Midterms Samplexes}{}% 41
\BOOKMARK [2][-]{subsection.41.1}{2017.11.03 Midterms}{section.41}% 42
\BOOKMARK [2][-]{subsection.41.2}{2018.03.23 Midterms}{section.41}% 43
\BOOKMARK [1][-]{section.42}{Finals Samplex}{}% 44
\BOOKMARK [2][-]{subsection.42.1}{2017.12.14 Final exam}{section.42}% 45
