This is pdfTeX, Version 3.14159265-2.6-1.40.19 (MiKTeX 2.9.6800 64-bit) (preloaded format=pdflatex 2019.1.18)  20 MAY 2019 21:18
entering extended mode
**./FINALS.tex
(FINALS.tex
LaTeX2e <2018-04-01> patch level 5
("D:\Program Files\MiKTeX 2.9\tex\latex\base\article.cls"
Document Class: article 2014/09/29 v1.4h Standard LaTeX document class
("D:\Program Files\MiKTeX 2.9\tex\latex\base\size10.clo"
File: size10.clo 2014/09/29 v1.4h Standard LaTeX file (size option)
)
\c@part=\count80
\c@section=\count81
\c@subsection=\count82
\c@subsubsection=\count83
\c@paragraph=\count84
\c@subparagraph=\count85
\c@figure=\count86
\c@table=\count87
\abovecaptionskip=\skip41
\belowcaptionskip=\skip42
\bibindent=\dimen102
) (151.dat
("D:\Program Files\MiKTeX 2.9\tex\latex\base\latexsym.sty"
Package: latexsym 1998/08/17 v2.2e Standard LaTeX package (lasy symbols)
\symlasy=\mathgroup4
LaTeX Font Info:    Overwriting symbol font `lasy' in version `bold'
(Font)                  U/lasy/m/n --> U/lasy/b/n on input line 52.
)
("D:\Program Files\MiKTeX 2.9\tex\latex\hyperref\hyperref.sty"
Package: hyperref 2018/02/06 v6.86b Hypertext links for LaTeX

("D:\Program Files\MiKTeX 2.9\tex\generic\oberdiek\hobsub-hyperref.sty"
Package: hobsub-hyperref 2016/05/16 v1.14 Bundle oberdiek, subset hyperref (HO)


("D:\Program Files\MiKTeX 2.9\tex\generic\oberdiek\hobsub-generic.sty"
Package: hobsub-generic 2016/05/16 v1.14 Bundle oberdiek, subset generic (HO)
Package: hobsub 2016/05/16 v1.14 Construct package bundles (HO)
Package: infwarerr 2016/05/16 v1.4 Providing info/warning/error messages (HO)
Package: ltxcmds 2016/05/16 v1.23 LaTeX kernel commands for general use (HO)
Package: ifluatex 2016/05/16 v1.4 Provides the ifluatex switch (HO)
Package ifluatex Info: LuaTeX not detected.
Package: ifvtex 2016/05/16 v1.6 Detect VTeX and its facilities (HO)
Package ifvtex Info: VTeX not detected.
Package: intcalc 2016/05/16 v1.2 Expandable calculations with integers (HO)
Package: ifpdf 2017/03/15 v3.2 Provides the ifpdf switch
Package: etexcmds 2016/05/16 v1.6 Avoid name clashes with e-TeX commands (HO)
Package etexcmds Info: Could not find \expanded.
(etexcmds)             That can mean that you are not using pdfTeX 1.50 or
(etexcmds)             that some package has redefined \expanded.
(etexcmds)             In the latter case, load this package earlier.
Package: kvsetkeys 2016/05/16 v1.17 Key value parser (HO)
Package: kvdefinekeys 2016/05/16 v1.4 Define keys (HO)
Package: pdftexcmds 2018/01/30 v0.27 Utility functions of pdfTeX for LuaTeX (HO
)
Package pdftexcmds Info: LuaTeX not detected.
Package pdftexcmds Info: \pdf@primitive is available.
Package pdftexcmds Info: \pdf@ifprimitive is available.
Package pdftexcmds Info: \pdfdraftmode found.
Package: pdfescape 2016/05/16 v1.14 Implements pdfTeX's escape features (HO)
Package: bigintcalc 2016/05/16 v1.4 Expandable calculations on big integers (HO
)
Package: bitset 2016/05/16 v1.2 Handle bit-vector datatype (HO)
Package: uniquecounter 2016/05/16 v1.3 Provide unlimited unique counter (HO)
)
Package hobsub Info: Skipping package `hobsub' (already loaded).
Package: letltxmacro 2016/05/16 v1.5 Let assignment for LaTeX macros (HO)
Package: hopatch 2016/05/16 v1.3 Wrapper for package hooks (HO)
Package: xcolor-patch 2016/05/16 xcolor patch
Package: atveryend 2016/05/16 v1.9 Hooks at the very end of document (HO)
Package atveryend Info: \enddocument detected (standard20110627).
Package: atbegshi 2016/06/09 v1.18 At begin shipout hook (HO)
Package: refcount 2016/05/16 v3.5 Data extraction from label references (HO)
Package: hycolor 2016/05/16 v1.8 Color options for hyperref/bookmark (HO)
)
("D:\Program Files\MiKTeX 2.9\tex\latex\graphics\keyval.sty"
Package: keyval 2014/10/28 v1.15 key=value parser (DPC)
\KV@toks@=\toks14
)
("D:\Program Files\MiKTeX 2.9\tex\generic\ifxetex\ifxetex.sty"
Package: ifxetex 2010/09/12 v0.6 Provides ifxetex conditional
)
("D:\Program Files\MiKTeX 2.9\tex\latex\oberdiek\auxhook.sty"
Package: auxhook 2016/05/16 v1.4 Hooks for auxiliary files (HO)
)
("D:\Program Files\MiKTeX 2.9\tex\latex\oberdiek\kvoptions.sty"
Package: kvoptions 2016/05/16 v3.12 Key value format for package options (HO)
)
\@linkdim=\dimen103
\Hy@linkcounter=\count88
\Hy@pagecounter=\count89

("D:\Program Files\MiKTeX 2.9\tex\latex\hyperref\pd1enc.def"
File: pd1enc.def 2018/02/06 v6.86b Hyperref: PDFDocEncoding definition (HO)
Now handling font encoding PD1 ...
... no UTF-8 mapping file for font encoding PD1
)
\Hy@SavedSpaceFactor=\count90

("D:\Program Files\MiKTeX 2.9\tex\latex\00miktex\hyperref.cfg"
File: hyperref.cfg 2002/06/06 v1.2 hyperref configuration of TeXLive
)
Package hyperref Info: Hyper figures OFF on input line 4509.
Package hyperref Info: Link nesting OFF on input line 4514.
Package hyperref Info: Hyper index ON on input line 4517.
Package hyperref Info: Plain pages OFF on input line 4524.
Package hyperref Info: Backreferencing OFF on input line 4529.
Package hyperref Info: Implicit mode ON; LaTeX internals redefined.
Package hyperref Info: Bookmarks ON on input line 4762.
\c@Hy@tempcnt=\count91

("D:\Program Files\MiKTeX 2.9\tex\latex\url\url.sty"
\Urlmuskip=\muskip10
Package: url 2013/09/16  ver 3.4  Verb mode for urls, etc.
)
LaTeX Info: Redefining \url on input line 5115.
\XeTeXLinkMargin=\dimen104
\Fld@menulength=\count92
\Field@Width=\dimen105
\Fld@charsize=\dimen106
Package hyperref Info: Hyper figures OFF on input line 6369.
Package hyperref Info: Link nesting OFF on input line 6374.
Package hyperref Info: Hyper index ON on input line 6377.
Package hyperref Info: backreferencing OFF on input line 6384.
Package hyperref Info: Link coloring OFF on input line 6389.
Package hyperref Info: Link coloring with OCG OFF on input line 6394.
Package hyperref Info: PDF/A mode OFF on input line 6399.
LaTeX Info: Redefining \ref on input line 6439.
LaTeX Info: Redefining \pageref on input line 6443.
\Hy@abspage=\count93
\c@Item=\count94
\c@Hfootnote=\count95
)
Package hyperref Info: Driver (autodetected): hpdftex.

("D:\Program Files\MiKTeX 2.9\tex\latex\hyperref\hpdftex.def"
File: hpdftex.def 2018/02/06 v6.86b Hyperref driver for pdfTeX
\Fld@listcount=\count96
\c@bookmark@seq@number=\count97

("D:\Program Files\MiKTeX 2.9\tex\latex\oberdiek\rerunfilecheck.sty"
Package: rerunfilecheck 2016/05/16 v1.8 Rerun checks for auxiliary files (HO)
Package uniquecounter Info: New unique counter `rerunfilecheck' on input line 2
82.
)
\Hy@SectionHShift=\skip43
)
Package hyperref Info: Option `colorlinks' set `true' on input line 9.

("D:\Program Files\MiKTeX 2.9\tex\latex\graphics\graphicx.sty"
Package: graphicx 2017/06/01 v1.1a Enhanced LaTeX Graphics (DPC,SPQR)

("D:\Program Files\MiKTeX 2.9\tex\latex\graphics\graphics.sty"
Package: graphics 2017/06/25 v1.2c Standard LaTeX Graphics (DPC,SPQR)

("D:\Program Files\MiKTeX 2.9\tex\latex\graphics\trig.sty"
Package: trig 2016/01/03 v1.10 sin cos tan (DPC)
)
("D:\Program Files\MiKTeX 2.9\tex\latex\graphics-cfg\graphics.cfg"
File: graphics.cfg 2016/06/04 v1.11 sample graphics configuration
)
Package graphics Info: Driver file: pdftex.def on input line 99.

("D:\Program Files\MiKTeX 2.9\tex\latex\graphics-def\pdftex.def"
File: pdftex.def 2018/01/08 v1.0l Graphics/color driver for pdftex
))
\Gin@req@height=\dimen107
\Gin@req@width=\dimen108
)
("D:\Program Files\MiKTeX 2.9\tex\latex\amsmath\amsmath.sty"
Package: amsmath 2017/09/02 v2.17a AMS math features
\@mathmargin=\skip44

For additional information on amsmath, use the `?' option.
("D:\Program Files\MiKTeX 2.9\tex\latex\amsmath\amstext.sty"
Package: amstext 2000/06/29 v2.01 AMS text

("D:\Program Files\MiKTeX 2.9\tex\latex\amsmath\amsgen.sty"
File: amsgen.sty 1999/11/30 v2.0 generic functions
\@emptytoks=\toks15
\ex@=\dimen109
))
("D:\Program Files\MiKTeX 2.9\tex\latex\amsmath\amsbsy.sty"
Package: amsbsy 1999/11/29 v1.2d Bold Symbols
\pmbraise@=\dimen110
)
("D:\Program Files\MiKTeX 2.9\tex\latex\amsmath\amsopn.sty"
Package: amsopn 2016/03/08 v2.02 operator names
)
\inf@bad=\count98
LaTeX Info: Redefining \frac on input line 213.
\uproot@=\count99
\leftroot@=\count100
LaTeX Info: Redefining \overline on input line 375.
\classnum@=\count101
\DOTSCASE@=\count102
LaTeX Info: Redefining \ldots on input line 472.
LaTeX Info: Redefining \dots on input line 475.
LaTeX Info: Redefining \cdots on input line 596.
\Mathstrutbox@=\box26
\strutbox@=\box27
\big@size=\dimen111
LaTeX Font Info:    Redeclaring font encoding OML on input line 712.
LaTeX Font Info:    Redeclaring font encoding OMS on input line 713.
\macc@depth=\count103
\c@MaxMatrixCols=\count104
\dotsspace@=\muskip11
\c@parentequation=\count105
\dspbrk@lvl=\count106
\tag@help=\toks16
\row@=\count107
\column@=\count108
\maxfields@=\count109
\andhelp@=\toks17
\eqnshift@=\dimen112
\alignsep@=\dimen113
\tagshift@=\dimen114
\tagwidth@=\dimen115
\totwidth@=\dimen116
\lineht@=\dimen117
\@envbody=\toks18
\multlinegap=\skip45
\multlinetaggap=\skip46
\mathdisplay@stack=\toks19
LaTeX Info: Redefining \[ on input line 2817.
LaTeX Info: Redefining \] on input line 2818.
)
("D:\Program Files\MiKTeX 2.9\tex\latex\preprint\authblk.sty"
Package: authblk 2001/02/27 1.3 (PWD)
\affilsep=\skip47
\@affilsep=\skip48
\c@Maxaffil=\count110
\c@authors=\count111
\c@affil=\count112
)
("D:\Program Files\MiKTeX 2.9\tex\latex\geometry\geometry.sty"
Package: geometry 2018/04/16 v5.8 Page Geometry
\Gm@cnth=\count113
\Gm@cntv=\count114
\c@Gm@tempcnt=\count115
\Gm@bindingoffset=\dimen118
\Gm@wd@mp=\dimen119
\Gm@odd@mp=\dimen120
\Gm@even@mp=\dimen121
\Gm@layoutwidth=\dimen122
\Gm@layoutheight=\dimen123
\Gm@layouthoffset=\dimen124
\Gm@layoutvoffset=\dimen125
\Gm@dimlist=\toks20

("D:\Program Files\MiKTeX 2.9\tex\latex\geometry\geometry.cfg"))
("D:\Program Files\MiKTeX 2.9\tex\latex\subfig\subfig.sty"
Package: subfig 2005/06/28 ver: 1.3 subfig package

("D:\Program Files\MiKTeX 2.9\tex\latex\caption\caption.sty"
Package: caption 2018/10/06 v3.3-154 Customizing captions (AR)

("D:\Program Files\MiKTeX 2.9\tex\latex\caption\caption3.sty"
Package: caption3 2018/09/12 v1.8c caption3 kernel (AR)
Package caption3 Info: TeX engine: e-TeX on input line 64.
\captionmargin=\dimen126
\captionmargin@=\dimen127
\captionwidth=\dimen128
\caption@tempdima=\dimen129
\caption@indent=\dimen130
\caption@parindent=\dimen131
\caption@hangindent=\dimen132
)
\c@caption@flags=\count116
\c@ContinuedFloat=\count117
Package caption Info: hyperref package is loaded.
)
\c@KVtest=\count118
\sf@farskip=\skip49
\sf@captopadj=\dimen133
\sf@capskip=\skip50
\sf@nearskip=\skip51
\c@subfigure=\count119
\c@subfigure@save=\count120
\c@lofdepth=\count121
\c@subtable=\count122
\c@subtable@save=\count123
\c@lotdepth=\count124
\sf@top=\skip52
\sf@bottom=\skip53
)
("D:\Program Files\MiKTeX 2.9\tex\latex\booktabs\booktabs.sty"
Package: booktabs 2005/04/14 v1.61803 publication quality tables
\heavyrulewidth=\dimen134
\lightrulewidth=\dimen135
\cmidrulewidth=\dimen136
\belowrulesep=\dimen137
\belowbottomsep=\dimen138
\aboverulesep=\dimen139
\abovetopsep=\dimen140
\cmidrulesep=\dimen141
\cmidrulekern=\dimen142
\defaultaddspace=\dimen143
\@cmidla=\count125
\@cmidlb=\count126
\@aboverulesep=\dimen144
\@belowrulesep=\dimen145
\@thisruleclass=\count127
\@lastruleclass=\count128
\@thisrulewidth=\dimen146
)
("D:\Program Files\MiKTeX 2.9\tex\latex\tools\dcolumn.sty"
Package: dcolumn 2014/10/28 v1.06 decimal alignment package (DPC)

("D:\Program Files\MiKTeX 2.9\tex\latex\tools\array.sty"
Package: array 2018/04/30 v2.4h Tabular extension package (FMi)
\col@sep=\dimen147
\ar@mcellbox=\box28
\extrarowheight=\dimen148
\NC@list=\toks21
\extratabsurround=\skip54
\backup@length=\skip55
\ar@cellbox=\box29
))
("D:\Program Files\MiKTeX 2.9\tex\latex\natbib\natbib.sty"
Package: natbib 2010/09/13 8.31b (PWD, AO)
\bibhang=\skip56
\bibsep=\skip57
LaTeX Info: Redefining \cite on input line 694.
\c@NAT@ctr=\count129
)
("D:\Program Files\MiKTeX 2.9\tex\latex\fancyhdr\fancyhdr.sty"
Package: fancyhdr 2017/06/30 v3.9a Extensive control of page headers and footer
s
\f@nch@headwidth=\skip58
\f@nch@O@elh=\skip59
\f@nch@O@erh=\skip60
\f@nch@O@olh=\skip61
\f@nch@O@orh=\skip62
\f@nch@O@elf=\skip63
\f@nch@O@erf=\skip64
\f@nch@O@olf=\skip65
\f@nch@O@orf=\skip66
)
("D:\Program Files\MiKTeX 2.9\tex\latex\lastpage\lastpage.sty"
Package: lastpage 2015/03/29 v1.2m Refers to last page's name (HMM; JPG)
)
("D:\Program Files\MiKTeX 2.9\tex\latex\tools\bm.sty"
Package: bm 2017/01/16 v1.2c Bold Symbol Support (DPC/FMi)
\symboldoperators=\mathgroup5
\symboldletters=\mathgroup6
\symboldsymbols=\mathgroup7
\symboldlasy=\mathgroup8
LaTeX Font Info:    Redeclaring math alphabet \mathbf on input line 141.
LaTeX Info: Redefining \bm on input line 207.
))
("D:\Program Files\MiKTeX 2.9\tex\latex\was\gensymb.sty"
Package: gensymb 2003/07/02 v1.0 (WaS)
)
("D:\Program Files\MiKTeX 2.9\tex\latex\amscls\amsthm.sty"
Package: amsthm 2017/10/31 v2.20.4
\thm@style=\toks22
\thm@bodyfont=\toks23
\thm@headfont=\toks24
\thm@notefont=\toks25
\thm@headpunct=\toks26
\thm@preskip=\skip67
\thm@postskip=\skip68
\thm@headsep=\skip69
\dth@everypar=\toks27
)
("D:\Program Files\MiKTeX 2.9\tex\latex\float\float.sty"
Package: float 2001/11/08 v1.3d Float enhancements (AL)
\c@float@type=\count130
\float@exts=\toks28
\float@box=\box30
\@float@everytoks=\toks29
\@floatcapt=\box31
)
("D:\Program Files\MiKTeX 2.9\tex\latex\siunitx\siunitx.sty"
("D:\Program Files\MiKTeX 2.9\tex\latex\l3kernel\expl3.sty"
Package: expl3 2019-01-13 L3 programming layer (loader) 

("D:\Program Files\MiKTeX 2.9\tex\latex\l3kernel\expl3-code.tex"
Package: expl3 2019-01-13 L3 programming layer (code)
\c_max_int=\count131
\l_tmpa_int=\count132
\l_tmpb_int=\count133
\g_tmpa_int=\count134
\g_tmpb_int=\count135
\g__kernel_prg_map_int=\count136
\c_log_iow=\count137
\l_iow_line_count_int=\count138
\l__iow_line_target_int=\count139
\l__iow_one_indent_int=\count140
\l__iow_indent_int=\count141
\c_zero_dim=\dimen149
\c_max_dim=\dimen150
\l_tmpa_dim=\dimen151
\l_tmpb_dim=\dimen152
\g_tmpa_dim=\dimen153
\g_tmpb_dim=\dimen154
\c_zero_skip=\skip70
\c_max_skip=\skip71
\l_tmpa_skip=\skip72
\l_tmpb_skip=\skip73
\g_tmpa_skip=\skip74
\g_tmpb_skip=\skip75
\c_zero_muskip=\muskip12
\c_max_muskip=\muskip13
\l_tmpa_muskip=\muskip14
\l_tmpb_muskip=\muskip15
\g_tmpa_muskip=\muskip16
\g_tmpb_muskip=\muskip17
\l_keys_choice_int=\count142
\l__intarray_loop_int=\count143
\c__intarray_sp_dim=\dimen155
\g__intarray_font_int=\count144
\c__fp_leading_shift_int=\count145
\c__fp_middle_shift_int=\count146
\c__fp_trailing_shift_int=\count147
\c__fp_big_leading_shift_int=\count148
\c__fp_big_middle_shift_int=\count149
\c__fp_big_trailing_shift_int=\count150
\c__fp_Bigg_leading_shift_int=\count151
\c__fp_Bigg_middle_shift_int=\count152
\c__fp_Bigg_trailing_shift_int=\count153
\c__kernel_randint_max_int=\count154
\g__fp_array_int=\count155
\l__fp_array_loop_int=\count156
\l__sort_length_int=\count157
\l__sort_min_int=\count158
\l__sort_top_int=\count159
\l__sort_max_int=\count160
\l__sort_true_max_int=\count161
\l__sort_block_int=\count162
\l__sort_begin_int=\count163
\l__sort_end_int=\count164
\l__sort_A_int=\count165
\l__sort_B_int=\count166
\l__sort_C_int=\count167
\l__tl_analysis_normal_int=\count168
\l__tl_analysis_index_int=\count169
\l__tl_analysis_nesting_int=\count170
\l__tl_analysis_type_int=\count171
\l__regex_internal_a_int=\count172
\l__regex_internal_b_int=\count173
\l__regex_internal_c_int=\count174
\l__regex_balance_int=\count175
\l__regex_group_level_int=\count176
\l__regex_mode_int=\count177
\c__regex_cs_in_class_mode_int=\count178
\c__regex_cs_mode_int=\count179
\l__regex_catcodes_int=\count180
\l__regex_default_catcodes_int=\count181
\c__regex_catcode_D_int=\count182
\c__regex_catcode_S_int=\count183
\c__regex_catcode_L_int=\count184
\c__regex_catcode_O_int=\count185
\c__regex_catcode_A_int=\count186
\c__regex_all_catcodes_int=\count187
\l__regex_show_lines_int=\count188
\l__regex_min_state_int=\count189
\l__regex_max_state_int=\count190
\l__regex_left_state_int=\count191
\l__regex_right_state_int=\count192
\l__regex_capturing_group_int=\count193
\l__regex_min_pos_int=\count194
\l__regex_max_pos_int=\count195
\l__regex_curr_pos_int=\count196
\l__regex_start_pos_int=\count197
\l__regex_success_pos_int=\count198
\l__regex_curr_char_int=\count199
\l__regex_curr_catcode_int=\count266
\l__regex_last_char_int=\count267
\l__regex_case_changed_char_int=\count268
\l__regex_curr_state_int=\count269
\l__regex_step_int=\count270
\l__regex_min_active_int=\count271
\l__regex_max_active_int=\count272
\l__regex_replacement_csnames_int=\count273
\l__regex_match_count_int=\count274
\l__regex_min_submatch_int=\count275
\l__regex_submatch_int=\count276
\l__regex_zeroth_submatch_int=\count277
\g__regex_trace_regex_int=\count278
\c_empty_box=\box32
\l_tmpa_box=\box33
\l_tmpb_box=\box34
\g_tmpa_box=\box35
\g_tmpb_box=\box36
\l__box_top_dim=\dimen156
\l__box_bottom_dim=\dimen157
\l__box_left_dim=\dimen158
\l__box_right_dim=\dimen159
\l__box_top_new_dim=\dimen160
\l__box_bottom_new_dim=\dimen161
\l__box_left_new_dim=\dimen162
\l__box_right_new_dim=\dimen163
\l__box_internal_box=\box37
\l__coffin_internal_box=\box38
\l__coffin_internal_dim=\dimen164
\l__coffin_offset_x_dim=\dimen165
\l__coffin_offset_y_dim=\dimen166
\l__coffin_x_dim=\dimen167
\l__coffin_y_dim=\dimen168
\l__coffin_x_prime_dim=\dimen169
\l__coffin_y_prime_dim=\dimen170
\c_empty_coffin=\box39
\l__coffin_aligned_coffin=\box40
\l__coffin_aligned_internal_coffin=\box41
\l_tmpa_coffin=\box42
\l_tmpb_coffin=\box43
\l__coffin_display_coffin=\box44
\l__coffin_display_coord_coffin=\box45
\l__coffin_display_pole_coffin=\box46
\l__coffin_display_offset_dim=\dimen171
\l__coffin_display_x_dim=\dimen172
\l__coffin_display_y_dim=\dimen173
\g__file_internal_ior=\read1
\l__coffin_bounding_shift_dim=\dimen174
\l__coffin_left_corner_dim=\dimen175
\l__coffin_right_corner_dim=\dimen176
\l__coffin_bottom_corner_dim=\dimen177
\l__coffin_top_corner_dim=\dimen178
\l__coffin_scaled_total_height_dim=\dimen179
\l__coffin_scaled_width_dim=\dimen180
\l__seq_internal_a_int=\count279
\l__seq_internal_b_int=\count280
)
("D:\Program Files\MiKTeX 2.9\tex\latex\l3kernel\l3pdfmode.def"
File: l3pdfmode.def 2019-01-13 v L3 Experimental driver: PDF mode
\l__driver_color_stack_int=\count281
))
("D:\Program Files\MiKTeX 2.9\tex\latex\l3packages\xparse\xparse.sty"
Package: xparse 2018-10-17 L3 Experimental document command parser
\l__xparse_current_arg_int=\count282
\g__xparse_grabber_int=\count283
\l__xparse_m_args_int=\count284
\l__xparse_mandatory_args_int=\count285
\l__xparse_v_nesting_int=\count286
)
Package: siunitx 2018/05/17 v2.7s A comprehensive (SI) units package

("D:\Program Files\MiKTeX 2.9\tex\latex\l3packages\l3keys2e\l3keys2e.sty"
Package: l3keys2e 2018-10-17 LaTeX2e option processing using LaTeX3 keys
)
\l__siunitx_tmp_box=\box47
\l__siunitx_tmp_dim=\dimen181
\l__siunitx_tmp_int=\count287
\l__siunitx_number_mantissa_length_int=\count288
\l__siunitx_number_uncert_length_int=\count289
\l__siunitx_round_int=\count290
\l__siunitx_process_decimal_int=\count291
\l__siunitx_process_uncertainty_int=\count292
\l__siunitx_process_fixed_int=\count293
\l__siunitx_process_integer_min_int=\count294
\l__siunitx_process_precision_int=\count295
\l__siunitx_group_min_int=\count296
\l__siunitx_angle_marker_box=\box48
\l__siunitx_angle_unit_box=\box49
\l__siunitx_angle_marker_dim=\dimen182
\l__siunitx_angle_unit_dim=\dimen183
\l__siunitx_unit_int=\count297
\l__siunitx_unit_denominator_int=\count298
\l__siunitx_unit_numerator_int=\count299
\l__siunitx_unit_prefix_int=\count300
\l__siunitx_unit_prefix_base_int=\count301
\l__siunitx_unit_prefix_gram_int=\count302
\l__siunitx_number_product_int=\count303
\c__siunitx_one_fill_skip=\skip76
\l__siunitx_table_unit_align_skip=\skip77
\l__siunitx_table_exponent_dim=\dimen184
\l__siunitx_table_integer_dim=\dimen185
\l__siunitx_table_mantissa_dim=\dimen186
\l__siunitx_table_marker_dim=\dimen187
\l__siunitx_table_result_dim=\dimen188
\l__siunitx_table_uncert_dim=\dimen189
\l__siunitx_table_fill_pre_dim=\dimen190
\l__siunitx_table_fill_post_dim=\dimen191
\l__siunitx_table_fill_mid_dim=\dimen192
\l__siunitx_table_pre_box=\box50
\l__siunitx_table_post_box=\box51
\l__siunitx_table_mantissa_box=\box52
\l__siunitx_table_result_box=\box53
\l__siunitx_table_number_align_skip=\skip78
\l__siunitx_table_text_align_skip=\skip79

("D:\Program Files\MiKTeX 2.9\tex\latex\translator\translator.sty"
Package: translator 2018/01/04 v1.12 Easy translation of strings in LaTeX
))
("D:\Program Files\MiKTeX 2.9\tex\latex\amsfonts\amssymb.sty"
Package: amssymb 2013/01/14 v3.01 AMS font symbols

("D:\Program Files\MiKTeX 2.9\tex\latex\amsfonts\amsfonts.sty"
Package: amsfonts 2013/01/14 v3.01 Basic AMSFonts support
\symAMSa=\mathgroup9
\symAMSb=\mathgroup10
LaTeX Font Info:    Overwriting math alphabet `\mathfrak' in version `bold'
(Font)                  U/euf/m/n --> U/euf/b/n on input line 106.
))
("D:\Program Files\MiKTeX 2.9\tex\latex\tools\enumerate.sty"
Package: enumerate 2015/07/23 v3.00 enumerate extensions (DPC)
\@enLab=\toks30
)
("D:\Program Files\MiKTeX 2.9\tex\latex\listings\listings.sty"
\lst@mode=\count304
\lst@gtempboxa=\box54
\lst@token=\toks31
\lst@length=\count305
\lst@currlwidth=\dimen193
\lst@column=\count306
\lst@pos=\count307
\lst@lostspace=\dimen194
\lst@width=\dimen195
\lst@newlines=\count308
\lst@lineno=\count309
\lst@maxwidth=\dimen196

("D:\Program Files\MiKTeX 2.9\tex\latex\listings\lstmisc.sty"
File: lstmisc.sty 2018/09/02 1.7 (Carsten Heinz)
\c@lstnumber=\count310
\lst@skipnumbers=\count311
\lst@framebox=\box55
)
("D:\Program Files\MiKTeX 2.9\tex\latex\listings\listings.cfg"
File: listings.cfg 2018/09/02 1.7 listings configuration
))
Package: listings 2018/09/02 1.7 (Carsten Heinz)

("D:\Program Files\MiKTeX 2.9\tex\latex\mathtools\mathtools.sty"
Package: mathtools 2018/01/08 v1.21 mathematical typesetting tools

("D:\Program Files\MiKTeX 2.9\tex\latex\tools\calc.sty"
Package: calc 2017/05/25 v4.3 Infix arithmetic (KKT,FJ)
\calc@Acount=\count312
\calc@Bcount=\count313
\calc@Adimen=\dimen197
\calc@Bdimen=\dimen198
\calc@Askip=\skip80
\calc@Bskip=\skip81
LaTeX Info: Redefining \setlength on input line 80.
LaTeX Info: Redefining \addtolength on input line 81.
\calc@Ccount=\count314
\calc@Cskip=\skip82
)
("D:\Program Files\MiKTeX 2.9\tex\latex\mathtools\mhsetup.sty"
Package: mhsetup 2017/03/31 v1.3 programming setup (MH)
)
LaTeX Info: Thecontrolsequence`\('isalreadyrobust on input line 129.
LaTeX Info: Thecontrolsequence`\)'isalreadyrobust on input line 129.
LaTeX Info: Thecontrolsequence`\['isalreadyrobust on input line 129.
LaTeX Info: Thecontrolsequence`\]'isalreadyrobust on input line 129.
\g_MT_multlinerow_int=\count315
\l_MT_multwidth_dim=\dimen199
\origjot=\skip83
\l_MT_shortvdotswithinadjustabove_dim=\dimen256
\l_MT_shortvdotswithinadjustbelow_dim=\dimen257
\l_MT_above_intertext_sep=\dimen258
\l_MT_below_intertext_sep=\dimen259
\l_MT_above_shortintertext_sep=\dimen260
\l_MT_below_shortintertext_sep=\dimen261
)
("D:\Program Files\MiKTeX 2.9\tex\latex\hyphenat\hyphenat.sty"
Package: hyphenat 2009/09/02 v2.3c hyphenation utilities
\langwohyphens=\language76
LaTeX Info: Redefining \_ on input line 43.
)
("D:\Program Files\MiKTeX 2.9\tex\latex\physics\physics.sty"
Package: physics 
)
("D:\Program Files\MiKTeX 2.9\tex\latex\chngcntr\chngcntr.sty"
Package: chngcntr 2018/04/09 v1.1a change counter resetting
Package chngcntr Info: \counterwithout already defined.
(chngcntr)             Quitting chngcntr on input line 21.
)

LaTeX Warning: Unused global option(s):
    [9pt].

(FINALS.aux

LaTeX Warning: Label `eq:answer1' multiply defined.


LaTeX Warning: Label `eq:answer2' multiply defined.


LaTeX Warning: Label `eq:idealgas' multiply defined.


LaTeX Warning: Label `eq:answer1' multiply defined.


LaTeX Warning: Label `eq:answer2' multiply defined.


LaTeX Warning: Label `eq:answer1' multiply defined.


LaTeX Warning: Label `eq:answer2' multiply defined.


LaTeX Warning: Label `eq:answer1' multiply defined.


LaTeX Warning: Label `eq:idealgas' multiply defined.


LaTeX Warning: Label `eq:answer-a' multiply defined.


LaTeX Warning: Label `eq:idealgas' multiply defined.


LaTeX Warning: Label `eq:answer-a' multiply defined.


LaTeX Warning: Label `eq:answer-a' multiply defined.


LaTeX Warning: Label `eq:answer' multiply defined.


LaTeX Warning: Label `eq:answer-a' multiply defined.


LaTeX Warning: Label `eq:ftr' multiply defined.


LaTeX Warning: Label `eq:helmholtz' multiply defined.


LaTeX Warning: Label `eq:answer' multiply defined.


LaTeX Warning: Label `eq:answer-a' multiply defined.


LaTeX Warning: Label `eq:answer-b' multiply defined.


LaTeX Warning: Label `eq:ftr' multiply defined.


LaTeX Warning: Label `eq:vanderwaals' multiply defined.


LaTeX Warning: Label `eq:answer-a' multiply defined.


LaTeX Warning: Label `eq:answer-b' multiply defined.


LaTeX Warning: Label `eq:answer-a' multiply defined.


LaTeX Warning: Label `eq:answer-b' multiply defined.


LaTeX Warning: Label `eq:answer-c' multiply defined.


LaTeX Warning: Label `eq:answer-a' multiply defined.


LaTeX Warning: Label `eq:answer-c' multiply defined.


LaTeX Warning: Label `eq:answer-b' multiply defined.


LaTeX Warning: Label `eq:answer-c' multiply defined.


LaTeX Warning: Label `eq:answer-b' multiply defined.


LaTeX Warning: Label `eq:answer' multiply defined.


LaTeX Warning: Label `eq:answer' multiply defined.


LaTeX Warning: Label `eq:mean-energy' multiply defined.


LaTeX Warning: Label `eq:answer-e' multiply defined.


LaTeX Warning: Label `eq:entropy' multiply defined.


LaTeX Warning: Label `eq:answer-b' multiply defined.


LaTeX Warning: Label `eq:answer-c' multiply defined.

)
\openout1 = `FINALS.aux'.

LaTeX Font Info:    Checking defaults for OML/cmm/m/it on input line 23.
LaTeX Font Info:    ... okay on input line 23.
LaTeX Font Info:    Checking defaults for T1/cmr/m/n on input line 23.
LaTeX Font Info:    ... okay on input line 23.
LaTeX Font Info:    Checking defaults for OT1/cmr/m/n on input line 23.
LaTeX Font Info:    ... okay on input line 23.
LaTeX Font Info:    Checking defaults for OMS/cmsy/m/n on input line 23.
LaTeX Font Info:    ... okay on input line 23.
LaTeX Font Info:    Checking defaults for OMX/cmex/m/n on input line 23.
LaTeX Font Info:    ... okay on input line 23.
LaTeX Font Info:    Checking defaults for U/cmr/m/n on input line 23.
LaTeX Font Info:    ... okay on input line 23.
LaTeX Font Info:    Checking defaults for PD1/pdf/m/n on input line 23.
LaTeX Font Info:    ... okay on input line 23.
\AtBeginShipoutBox=\box56
 ("D:\Program Files\MiKTeX 2.9\tex\latex\graphics\color.sty"
Package: color 2016/07/10 v1.1e Standard LaTeX Color (DPC)

("D:\Program Files\MiKTeX 2.9\tex\latex\graphics-cfg\color.cfg"
File: color.cfg 2016/01/02 v1.6 sample color configuration
)
Package color Info: Driver file: pdftex.def on input line 147.
)
Package hyperref Info: Link coloring ON on input line 23.

("D:\Program Files\MiKTeX 2.9\tex\latex\hyperref\nameref.sty"
Package: nameref 2016/05/21 v2.44 Cross-referencing by name of section

("D:\Program Files\MiKTeX 2.9\tex\generic\oberdiek\gettitlestring.sty"
Package: gettitlestring 2016/05/16 v1.5 Cleanup title references (HO)
)
\c@section@level=\count316
)
LaTeX Info: Redefining \ref on input line 23.
LaTeX Info: Redefining \pageref on input line 23.
LaTeX Info: Redefining \nameref on input line 23.

(FINALS.out) (FINALS.out)
\@outlinefile=\write3
\openout3 = `FINALS.out'.


("D:\Program Files\MiKTeX 2.9\tex\context\base\supp-pdf.mkii"
[Loading MPS to PDF converter (version 2006.09.02).]
\scratchcounter=\count317
\scratchdimen=\dimen262
\scratchbox=\box57
\nofMPsegments=\count318
\nofMParguments=\count319
\everyMPshowfont=\toks32
\MPscratchCnt=\count320
\MPscratchDim=\dimen263
\MPnumerator=\count321
\makeMPintoPDFobject=\count322
\everyMPtoPDFconversion=\toks33
) ("D:\Program Files\MiKTeX 2.9\tex\latex\oberdiek\epstopdf-base.sty"
Package: epstopdf-base 2016/05/15 v2.6 Base part for package epstopdf

("D:\Program Files\MiKTeX 2.9\tex\latex\oberdiek\grfext.sty"
Package: grfext 2016/05/16 v1.2 Manage graphics extensions (HO)
)
Package epstopdf-base Info: Redefining graphics rule for `.eps' on input line 4
38.
Package grfext Info: Graphics extension search list:
(grfext)             [.pdf,.png,.jpg,.mps,.jpeg,.jbig2,.jb2,.PDF,.PNG,.JPG,.JPE
G,.JBIG2,.JB2,.eps]
(grfext)             \AppendGraphicsExtensions on input line 456.
)
*geometry* driver: auto-detecting
*geometry* detected driver: pdftex
*geometry* verbose mode - [ preamble ] result:
* driver: pdftex
* paper: a4paper
* layout: <same size as paper>
* layoutoffset:(h,v)=(0.0pt,0.0pt)
* modes: 
* h-part:(L,W,R)=(56.9055pt, 483.69687pt, 56.9055pt)
* v-part:(T,H,B)=(56.9055pt, 688.5567pt, 99.58464pt)
* \paperwidth=597.50787pt
* \paperheight=845.04684pt
* \textwidth=483.69687pt
* \textheight=688.5567pt
* \oddsidemargin=-15.36449pt
* \evensidemargin=-15.36449pt
* \topmargin=-56.9055pt
* \headheight=71.13188pt
* \headsep=25.0pt
* \topskip=10.0pt
* \footskip=30.0pt
* \marginparwidth=4.0pt
* \marginparsep=10.0pt
* \columnsep=10.0pt
* \skip\footins=9.0pt plus 4.0pt minus 2.0pt
* \hoffset=0.0pt
* \voffset=0.0pt
* \mag=1000
* \@twocolumntrue
* \@twosidefalse
* \@mparswitchfalse
* \@reversemarginfalse
* (1in=72.27pt=25.4mm, 1cm=28.453pt)

Package caption Info: Begin \AtBeginDocument code.
Package caption Info: subfig package v1.3 is loaded.
Package caption Info: float package is loaded.
Package caption Info: listings package is loaded.
Package caption Info: End \AtBeginDocument code.
Package lastpage Info: Please have a look at the pageslts package at
(lastpage)             https://www.ctan.org/pkg/pageslts
(lastpage)             ! on input line 23.
LaTeX Info: Redefining \celsius on input line 23.
Package gensymb Info: Faking symbols for \degree and \celsius on input line 23.


Package gensymb Warning: Not defining \perthousand.

LaTeX Info: Redefining \ohm on input line 23.
Package gensymb Info: Using \Omega for \ohm on input line 23.

Package gensymb Warning: Not defining \micro.

Now handling font encoding TS1 ...
... processing UTF-8 mapping file for font encoding TS1
("D:\Program Files\MiKTeX 2.9\tex\latex\base\ts1enc.dfu"
File: ts1enc.dfu 2018/04/05 v1.2c UTF-8 support for inputenc
   defining Unicode char U+00A2 (decimal 162)
   defining Unicode char U+00A3 (decimal 163)
   defining Unicode char U+00A4 (decimal 164)
   defining Unicode char U+00A5 (decimal 165)
   defining Unicode char U+00A6 (decimal 166)
   defining Unicode char U+00A7 (decimal 167)
   defining Unicode char U+00A8 (decimal 168)
   defining Unicode char U+00A9 (decimal 169)
   defining Unicode char U+00AA (decimal 170)
   defining Unicode char U+00AC (decimal 172)
   defining Unicode char U+00AE (decimal 174)
   defining Unicode char U+00AF (decimal 175)
   defining Unicode char U+00B0 (decimal 176)
   defining Unicode char U+00B1 (decimal 177)
   defining Unicode char U+00B2 (decimal 178)
   defining Unicode char U+00B3 (decimal 179)
   defining Unicode char U+00B4 (decimal 180)
   defining Unicode char U+00B5 (decimal 181)
   defining Unicode char U+00B6 (decimal 182)
   defining Unicode char U+00B7 (decimal 183)
   defining Unicode char U+00B9 (decimal 185)
   defining Unicode char U+00BA (decimal 186)
   defining Unicode char U+00BC (decimal 188)
   defining Unicode char U+00BD (decimal 189)
   defining Unicode char U+00BE (decimal 190)
   defining Unicode char U+00D7 (decimal 215)
   defining Unicode char U+00F7 (decimal 247)
   defining Unicode char U+0192 (decimal 402)
   defining Unicode char U+02C7 (decimal 711)
   defining Unicode char U+02D8 (decimal 728)
   defining Unicode char U+02DD (decimal 733)
   defining Unicode char U+0E3F (decimal 3647)
   defining Unicode char U+2016 (decimal 8214)
   defining Unicode char U+2020 (decimal 8224)
   defining Unicode char U+2021 (decimal 8225)
   defining Unicode char U+2022 (decimal 8226)
   defining Unicode char U+2030 (decimal 8240)
   defining Unicode char U+2031 (decimal 8241)
   defining Unicode char U+203B (decimal 8251)
   defining Unicode char U+203D (decimal 8253)
   defining Unicode char U+2044 (decimal 8260)
   defining Unicode char U+204E (decimal 8270)
   defining Unicode char U+2052 (decimal 8274)
   defining Unicode char U+20A1 (decimal 8353)
   defining Unicode char U+20A4 (decimal 8356)
   defining Unicode char U+20A6 (decimal 8358)
   defining Unicode char U+20A9 (decimal 8361)
   defining Unicode char U+20AB (decimal 8363)
   defining Unicode char U+20AC (decimal 8364)
   defining Unicode char U+20B1 (decimal 8369)
   defining Unicode char U+2103 (decimal 8451)
   defining Unicode char U+2116 (decimal 8470)
   defining Unicode char U+2117 (decimal 8471)
   defining Unicode char U+211E (decimal 8478)
   defining Unicode char U+2120 (decimal 8480)
   defining Unicode char U+2122 (decimal 8482)
   defining Unicode char U+2126 (decimal 8486)
   defining Unicode char U+2127 (decimal 8487)
   defining Unicode char U+212E (decimal 8494)
   defining Unicode char U+2190 (decimal 8592)
   defining Unicode char U+2191 (decimal 8593)
   defining Unicode char U+2192 (decimal 8594)
   defining Unicode char U+2193 (decimal 8595)
   defining Unicode char U+2329 (decimal 9001)
   defining Unicode char U+232A (decimal 9002)
   defining Unicode char U+2422 (decimal 9250)
   defining Unicode char U+25E6 (decimal 9702)
   defining Unicode char U+25EF (decimal 9711)
   defining Unicode char U+266A (decimal 9834)
   defining Unicode char U+FEFF (decimal 65279)
)
("D:\Program Files\MiKTeX 2.9\tex\latex\translator\translator-basic-dictionary-
English.dict"
Dictionary: translator-basic-dictionary, Language: English 
)
("D:\Program Files\MiKTeX 2.9\tex\latex\siunitx\siunitx-abbreviations.cfg"
File: siunitx-abbreviations.cfg 2017/11/26 v2.7k siunitx: Abbreviated units
)
\c@lstlisting=\count323
LaTeX Font Info:    Try loading font information for U+lasy on input line 23.

("D:\Program Files\MiKTeX 2.9\tex\latex\base\ulasy.fd"
File: ulasy.fd 1998/08/17 v2.2e LaTeX symbol font definitions
)
LaTeX Font Info:    Font shape `U/lasy/b/n' in size <7> not available
(Font)              Font shape `U/lasy/m/n' tried instead on input line 23.
LaTeX Font Info:    Font shape `U/lasy/b/n' in size <5> not available
(Font)              Font shape `U/lasy/m/n' tried instead on input line 23.
LaTeX Font Info:    Try loading font information for U+msa on input line 23.

("D:\Program Files\MiKTeX 2.9\tex\latex\amsfonts\umsa.fd"
File: umsa.fd 2013/01/14 v3.01 AMS symbols A
)
LaTeX Font Info:    Try loading font information for U+msb on input line 23.

("D:\Program Files\MiKTeX 2.9\tex\latex\amsfonts\umsb.fd"
File: umsb.fd 2013/01/14 v3.01 AMS symbols B
) [1


{C:/Users/Kenneth/AppData/Local/MiKTeX/2.9/pdftex/config/pdftex.map}] (FINALS.t
oc
Underfull \hbox (badness 10000) in paragraph at lines 14--14
 [] [][][]\OT1/cmr/bx/n/10 P22 PS05 2.32 Sim-ple Leg-en-dre 
 []


Underfull \hbox (badness 10000) in paragraph at lines 16--16
 [] [][][]\OT1/cmr/bx/n/10 P24 PS05 2.54 Black hole 
 []


Underfull \hbox (badness 6758) in paragraph at lines 26--26
 [] [][][]\OT1/cmr/bx/n/10 P30 PS06 3.37 Cal-cu-la-tion of the 
 []


Underfull \hbox (badness 10000) in paragraph at lines 29--29
 [] [][][]\OT1/cmr/bx/n/10 P33 PS07 3.43 Other prob-a-bil-ity 
 []


Underfull \hbox (badness 5260) in paragraph at lines 37--37
 [] [][][]\OT1/cmr/bx/n/10 P41 PS08 4.19 The Sackur-Tetrode 
 []


Underfull \hbox (badness 10000) in paragraph at lines 44--44
 [] [][][]\OT1/cmr/bx/n/10 P48 PS08 4.28 Ther-mo-dy-namic 
 []


Underfull \hbox (badness 3312) in paragraph at lines 44--44
 \OT1/cmr/bx/n/10 prop-er-ties of a sys-tem of har-monic 
 []

)
\tf@toc=\write4
\openout4 = `FINALS.toc'.

pdfTeX warning (ext4): destination with the same identifier (name{page.1}) has 
been already used, duplicate ignored
<to be read again> 
                   \relax 
l.46 \clearpage
                [1

]
Underfull \hbox (badness 2012) in paragraph at lines 50--50
[]\OT1/cmr/bx/n/12 P09 PS02 2.8 Work in a cyclic
 []

<work.png, id=269, 444.4605pt x 280.04625pt>
File: work.png Graphic file (type png)
<use work.png>
Package pdftex.def Info: work.png  used on input line 55.
(pdftex.def)             Requested size: 177.63632pt x 111.92677pt.

Overfull \hbox (21.46732pt too wide) detected at line 72
[]
 []


Underfull \hbox (badness 4168) in paragraph at lines 121--122
[]\OT1/cmr/m/n/10 Simplifying equa-tions [] through [] and
 []

pdfTeX warning (ext4): destination with the same identifier (name{page.1}) has 
been already used, duplicate ignored
<to be read again> 
                   \relax 
l.139 \end{eqnarray}
                     [1

 <./work.png>]
Underfull \hbox (badness 4582) in paragraph at lines 257--258
[]\OT1/cmr/m/n/10 The pres-sure in-creases more with adi-a-batic
 []


Underfull \hbox (badness 1694) in paragraph at lines 261--261
[]\OT1/cmr/bx/n/12 P13 PS03 2.18 Work done in a
 []

[2]
Underfull \hbox (badness 1009) in paragraph at lines 323--324
\OT1/cmr/m/n/10 A heat pump works on the same prin-ci-ple as a
 []

[3]
Underfull \hbox (badness 1454) in paragraph at lines 470--471
[]\OT1/cmr/m/n/10 Suppose that $\OML/cmm/m/it/10 C[] \OT1/cmr/m/n/10 = \OML/cmm
/m/it/10 C[] \OT1/cmr/m/n/10 = \OML/cmm/m/it/10 C$ \OT1/cmr/m/n/10 (a con-stant

 []


Underfull \hbox (badness 6141) in paragraph at lines 470--471
\OT1/cmr/m/n/10 the form of the ex-pres-sions for the fi-nal
 []

[4]
Underfull \hbox (badness 1210) in paragraph at lines 503--504
\OT1/cmr/m/n/10 di-rectly to the fi-nal tem-per-a-ture. The fi-nal
 []


Underfull \hbox (badness 1436) in paragraph at lines 515--516
[]\OT1/cmr/m/n/10 Since the heat ca-pac-i-ties of both bod-ies are
 []


Underfull \hbox (badness 2409) in paragraph at lines 529--530
\OT1/cmr/m/n/10 max-i-mum work is 0 be-cause the pro-cess is
 []

[5]
Underfull \hbox (badness 6910) in paragraph at lines 582--582
[]\OT1/cmr/bx/n/12 P17 PS04 2.24 Ap-pli-ca-tions of
 []

[6]
Underfull \hbox (badness 1210) in paragraph at lines 669--669
[]\OT1/cmr/bx/n/12 P18 PS04 2.26 Max-i-mum use-ful
 []


Underfull \hbox (badness 1117) in paragraph at lines 673--674
\OT1/cmr/m/n/10 is zero, $\OML/cmm/m/it/10 V \OT1/cmr/m/n/10 = 0$, and the ini
-tial and fi-nal
 []

[7]
Underfull \hbox (badness 5446) in paragraph at lines 847--847
[]\OT1/cmr/bx/n/12 P20 PS04 2.27 More Maxwell
 []

[8]
Underfull \hbox (badness 1297) in paragraph at lines 990--991
[]\OT1/cmr/m/n/10 The change in tem-per-a-ture w.r.t. vol-ume is
 []


Underfull \hbox (badness 1292) in paragraph at lines 992--992
[]\OT1/cmr/bx/n/12 P22 PS05 2.32 Sim-ple Leg-en-dre
 []

[9]
Overfull \hbox (13.66805pt too wide) detected at line 1053
[]
 []


Overfull \hbox (20.98476pt too wide) detected at line 1063
[]
 []


Underfull \hbox (badness 2150) in paragraph at lines 1067--1068
\OT1/cmr/m/n/10 trans-form by vi-sual in-spec-tion. A func-tion
 []


Underfull \hbox (badness 4479) in paragraph at lines 1071--1071
[]\OT1/cmr/bx/n/12 P23 PS05 2.33 Helmholtz free
 []


Underfull \hbox (badness 1874) in paragraph at lines 1073--1074
\OT1/cmr/m/n/10 Start from the func-tion $\OML/cmm/m/it/10 E\OT1/cmr/m/n/10 (\O
ML/cmm/m/it/10 S; V; N\OT1/cmr/m/n/10 )$ and use the
 []


Underfull \hbox (badness 10000) in paragraph at lines 1107--1107
[]\OT1/cmr/bx/n/12 P24 PS05 2.54 Black hole
 []


Underfull \hbox (badness 1776) in paragraph at lines 1108--1109
\OT1/cmr/m/n/10 A black hole is cre-ated from the col-lapse of a
 []

[10]
Underfull \hbox (badness 6001) in paragraph at lines 1274--1275
\OT1/cmr/m/n/10 Consider a sys-tem de-scribed by the van der
 []

[11]
Overfull \hbox (26.19415pt too wide) detected at line 1346
[]
 []


Underfull \vbox (badness 1552) has occurred while \output is active []

 [12]
Underfull \hbox (badness 1824) in paragraph at lines 1399--1400
[]\OT1/cmr/m/n/10 Let $\OML/cmm/m/it/10 P$\OT1/cmr/m/n/10 (D) rep-re-sent the p
rob-a-bil-ity of hav-ing
 []


Underfull \hbox (badness 1178) in paragraph at lines 1442--1443
\OT1/cmr/m/n/10 prob-a-bil-i-ties $\OML/cmm/m/it/10 P\OT1/cmr/m/n/10 ($D$) = []
$ and $\OML/cmm/m/it/10 P\OT1/cmr/m/n/10 ($ND$) = []$.
 []

[13]
Underfull \hbox (badness 1946) in paragraph at lines 1483--1484
[]\OT1/cmr/m/n/10 What is the prob-a-bil-ity $\OML/cmm/m/it/10 p$ \OT1/cmr/m/n/
10 that a par-tic-u-lar
 []

[14]
Underfull \hbox (badness 10000) in paragraph at lines 1696--1696
[]\OT1/cmr/bx/n/12 P31 PS07 3.39 Ex-po-nen-tial
 []

[15]
Overfull \hbox (15.22586pt too wide) detected at line 1793
[]
 []

[16]
Underfull \hbox (badness 1400) in paragraph at lines 1857--1858
[]\OT1/cmr/m/n/10 The mul-ti-ple in-te-grals de-fined in [] can be
 []

[17]
<lorentz.png, id=805, 347.6187pt x 212.4738pt>
File: lorentz.png Graphic file (type png)
<use lorentz.png>
Package pdftex.def Info: lorentz.png  used on input line 1929.
(pdftex.def)             Requested size: 177.63632pt x 108.57741pt.

Underfull \hbox (badness 3009) in paragraph at lines 1930--1930
[]\OT1/cmr/m/n/9 Figure 2: |Com-par-i-son of Lorentzian and Gaus-sian
 []


Underfull \hbox (badness 4779) in paragraph at lines 1936--1937
[]\OT1/cmr/m/n/10 Calculate the first mo-ment of the Lorentz
 []


Overfull \hbox (2.81625pt too wide) detected at line 1993
[]
 []


Underfull \hbox (badness 10000) in paragraph at lines 1999--1999
[]\OT1/cmr/bx/n/12 P34 PS07 3.45 Cen-tral limit
 []


Underfull \hbox (badness 3635) in paragraph at lines 2000--2001
\OT1/cmr/m/n/10 Use Pro-gram \OT1/cmtt/m/n/10 CentralLimitTheorem \OT1/cmr/m/n/
10 to test the
 []

[18 <./lorentz.png>]
Underfull \hbox (badness 7362) in paragraph at lines 2004--2005
[]\OT1/cmr/m/n/10 Assume that the vari-able $\OML/cmm/m/it/10 s[]$ \OT1/cmr/m/n
/10 is uni-formly
 []


Underfull \hbox (badness 4899) in paragraph at lines 2004--2005
\OT1/cmr/m/n/10 your nu-mer-i-cal re-sults with your an-a-lyt-i-cal
 []


Underfull \hbox (badness 2573) in paragraph at lines 2022--2023
[]\OT1/cmr/m/n/10 The stan-dard de-vi-a-tion can be ob-tained by
 []


Underfull \hbox (badness 10000) in paragraph at lines 2049--2050
[]\OT1/cmr/m/n/10 For $\OML/cmm/m/it/10 N \OT1/cmr/m/n/10 = 12$, run-ning the p
ro-gram
 []


Underfull \hbox (badness 2368) in paragraph at lines 2049--2050
\OT1/cmtt/m/n/10 CentralLimitTheorem \OT1/cmr/m/n/10 for 40,000 tri-als yields
 []


Underfull \hbox (badness 2393) in paragraph at lines 2051--2052
[]\OT1/cmr/m/n/10 To de-ter-mine the gen-er-al-ity of your re-sults,
 []


Underfull \hbox (badness 1817) in paragraph at lines 2066--2067
[]\OT1/cmr/m/n/10 Since $[]\OML/cmm/m/it/10 s < []e[]$\OT1/cmr/m/n/10 , the ex-
po-nen-tial term
 []


Underfull \hbox (badness 7595) in paragraph at lines 2079--2080
[]\OT1/cmr/m/n/10 Consider the Lorentz dis-tri-bu-tion $\OML/cmm/m/it/10 f\OT1/
cmr/m/n/10 (\OML/cmm/m/it/10 s\OT1/cmr/m/n/10 ) =
 []

[19]
Underfull \hbox (badness 1286) in paragraph at lines 2099--2100
[]\OT1/cmr/m/n/10 Each value of $\OML/cmm/m/it/10 S$ \OT1/cmr/m/n/10 can be con
-sid-ered to be a
 []


Underfull \hbox (badness 1281) in paragraph at lines 2099--2100
\OT1/cmr/m/n/10 mea-sure-ment. The sam-ple vari-ance $[]$ is a
 []


Overfull \hbox (49.19978pt too wide) detected at line 2124
[]
 []


Underfull \vbox (badness 1005) has occurred while \output is active []


Underfull \hbox (badness 2478) in paragraph at lines 2134--2135
[]\OT1/cmr/m/n/10 The quan-tity $[]$ is known as the stan-dard
 []


Underfull \hbox (badness 10000) in paragraph at lines 2159--2159
[]\OT1/cmr/bx/n/12 P35 PS07 3.72 Al-ter-na-tive
 []


Underfull \hbox (badness 10000) in paragraph at lines 2159--2159
\OT1/cmr/bx/n/12 deriva-tion of the Gaus-sian
 []

[20]
Overfull \hbox (2.43695pt too wide) detected at line 2230
[]
 []


Underfull \hbox (badness 2269) in paragraph at lines 2270--2271
[]\OT1/cmr/m/n/10 The vari-ance of the bi-no-mial dis-tri-bu-tion is
 []


Underfull \hbox (badness 1708) in paragraph at lines 2270--2271
\OT1/cmr/m/n/10 given in (3.99) and is equal to $[] =
 []

[21]
Underfull \hbox (badness 10000) in paragraph at lines 2307--2308
\OT1/cmr/m/n/10 mo-ments of the Gaus-sian and bi-no-mial
 []


Underfull \hbox (badness 3354) in paragraph at lines 2307--2308
\OT1/cmr/m/n/10 dis-tri-bu-tions are equal, then their vari-ances
 []


Underfull \hbox (badness 10000) in paragraph at lines 2320--2321
[]\OT1/cmr/m/n/10 The third mo-ment is a mea-sure of the
 []

LaTeX Font Info:    Font shape `U/lasy/b/n' in size <8> not available
(Font)              Font shape `U/lasy/m/n' tried instead on input line 2324.
LaTeX Font Info:    Font shape `U/lasy/b/n' in size <6> not available
(Font)              Font shape `U/lasy/m/n' tried instead on input line 2324.

Package hyperref Warning: Token not allowed in a PDF string (PDFDocEncoding):
(hyperref)                removing `math shift' on input line 2324.


Package hyperref Warning: Token not allowed in a PDF string (PDFDocEncoding):
(hyperref)                removing `math shift' on input line 2324.

LaTeX Font Info:    Font shape `U/lasy/b/n' in size <9> not available
(Font)              Font shape `U/lasy/m/n' tried instead on input line 2340.

LaTeX Warning: `!h' float specifier changed to `!ht'.


Underfull \hbox (badness 3148) in paragraph at lines 2359--2360
[]\OT1/cmr/m/n/10 The sec-ond mo-ment (raw vari-ance) $[]$ is
 []


Underfull \hbox (badness 6944) in paragraph at lines 2382--2383
[]\OT1/cmr/m/n/10 Consider an Ein-stein solid of $\OML/cmm/m/it/10 N \OT1/cmr/m
/n/10 = 20$
 []


Underfull \hbox (badness 1831) in paragraph at lines 2382--2383
\OT1/cmr/m/n/10 dis-tin-guish-able par-ti-cles. What is the to-tal
 []

[22]
Underfull \hbox (badness 10000) in paragraph at lines 2384--2385
\OT1/cmr/m/n/10 par-ti-cles, the to-tal num-ber of ac-ces-si-ble
 []

<microstates.png, id=931, 352.9185pt x 212.7147pt>
File: microstates.png Graphic file (type png)
<use microstates.png>
Package pdftex.def Info: microstates.png  used on input line 2411.
(pdftex.def)             Requested size: 177.63632pt x 107.0679pt.
<fixedN.png, id=933, 352.9185pt x 212.4738pt>
File: fixedN.png Graphic file (type png)
<use fixedN.png>
Package pdftex.def Info: fixedN.png  used on input line 2424.
(pdftex.def)             Requested size: 177.63632pt x 106.94664pt.

LaTeX Warning: `!h' float specifier changed to `!ht'.


Underfull \hbox (badness 10000) in paragraph at lines 2433--2433
[]\OT1/cmr/bx/n/12 P38 PS08 4.14 Es-ti-ma-tion of
 []


Overfull \hbox (53.55894pt too wide) detected at line 2480
\OML/cmm/m/it/10 g\OT1/cmr/m/n/10 (\OML/cmm/m/it/10 E\OT1/cmr/m/n/10 )\OML/cmm
/m/it/10 E \OT1/cmr/m/n/10 = [][]
 []

[23 <./microstates.png> <./fixedN.png>]
Underfull \hbox (badness 10000) in paragraph at lines 2488--2488
[]\OT1/cmr/bx/n/12 P39 PS08 4.15 Ap-prox-i-mate
 []


Package hyperref Warning: Token not allowed in a PDF string (PDFDocEncoding):
(hyperref)                removing `math shift' on input line 2488.


Package hyperref Warning: Token not allowed in a PDF string (PDFDocEncoding):
(hyperref)                removing `\Gamma' on input line 2488.


Package hyperref Warning: Token not allowed in a PDF string (PDFDocEncoding):
(hyperref)                removing `math shift' on input line 2488.


Underfull \hbox (badness 5622) in paragraph at lines 2489--2490
\OT1/cmr/m/n/10 We can ob-tain an ap-prox-i-mate ex-pres-sion for
 []


Overfull \hbox (0.62631pt too wide) detected at line 2494
[]
 []


Underfull \hbox (badness 2608) in paragraph at lines 2526--2527
[]\OT1/cmr/m/n/10 where $  \OMS/cmsy/m/n/10 / \OML/cmm/m/it/10 V[]$\OT1/cmr/m/n
/10 , $  \OMS/cmsy/m/n/10 / \OML/cmm/m/it/10 E[]$\OT1/cmr/m/n/10 , and $  \OMS/
cmsy/m/n/10 /
 []


LaTeX Warning: Reference `eq:density-states' on page 24 undefined on input line
 2553.

[24pdfTeX warning (ext4): destination with the same identifier (name{equation.3
0.0.6}) has been already used, duplicate ignored

\AtBegShi@Output ...ipout \box \AtBeginShipoutBox 
                                                  \fi \fi 
l.2578 \end{align}
                  ]
Underfull \hbox (badness 5359) in paragraph at lines 2604--2605
[]\OT1/cmr/m/n/10 Perform the nec-es-sary dif-fer-en-ti-a-tion on []
 []


Overfull \hbox (7.69716pt too wide) detected at line 2616
[]
 []


Underfull \vbox (badness 10000) has occurred while \output is active []

 [25]
Underfull \hbox (badness 1629) in paragraph at lines 2693--2694
\OML/cmm/m/it/10 T$ \OT1/cmr/m/n/10 on the to-tal en-ergy $\OML/cmm/m/it/10 E$ 
\OT1/cmr/m/n/10 in the mi-cro-canon-i-cal
 []


Underfull \hbox (badness 10000) in paragraph at lines 2708--2709
[]\OT1/cmr/m/n/10 The num-ber of ac-ces-si-ble mi-crostates in
 []


Underfull \hbox (badness 2213) in paragraph at lines 2708--2709
\OT1/cmr/m/n/10 which $\OML/cmm/m/it/10 N$ \OT1/cmr/m/n/10 dis-tin-guish-able o
s-cil-la-tors can share $\OML/cmm/m/it/10 Q$
 []


Overfull \hbox (27.43861pt too wide) detected at line 2732
[]
 []

[26]
Overfull \hbox (3.12152pt too wide) detected at line 2768
[]
 []


Underfull \vbox (badness 10000) has occurred while \output is active []


Underfull \hbox (badness 5050) in paragraph at lines 2796--2797
\OT1/cmr/m/n/10 The hy-dro-car-bon 2-butene, CH$[]\OMS/cmsy/m/n/10  $\OT1/cmr/m
/n/10 CH$=$CH$\OMS/cmsy/m/n/10  $\OT1/cmr/m/n/10 CH$[]$,
 []


Underfull \hbox (badness 10000) in paragraph at lines 2805--2806
[]\OT1/cmr/m/n/10 The rel-a-tive prob-a-bil-ity with-out
 []

[27]
Underfull \hbox (badness 10000) in paragraph at lines 2811--2812
[]\OT1/cmr/m/n/10 The en-ergy dif-fer-ence be-tween the two
 []


Underfull \hbox (badness 1320) in paragraph at lines 2811--2812
\OT1/cmr/m/n/10 iso-mer lower than the cis iso-mer. The rel-a-tive
 []


Underfull \hbox (badness 4416) in paragraph at lines 2835--2835
[]\OT1/cmr/bx/n/12 P46 PS08 4.25 Dis-tri-bu-tion of
 []


Underfull \hbox (badness 3838) in paragraph at lines 2884--2884
[]\OT1/cmr/bx/n/12 P48 PS08 4.28 Ther-mo-dy-namic
 []

[28]
Underfull \hbox (badness 1983) in paragraph at lines 2968--2969
[]\OT1/cmr/m/n/10 Given the re-sult (4.132), what is the mean
 []

[29]
Underfull \hbox (badness 2245) in paragraph at lines 3060--3061
[]\OT1/cmr/m/n/10 Consider a sys-tem de-scribed by the van der
 []


Underfull \hbox (badness 3219) in paragraph at lines 3073--3074
\OT1/cmr/m/n/10 mo-ment $\OML/cmm/m/it/10 $ \OT1/cmr/m/n/10 that can point ei-
ther par-al-lel or
 []

[30]
Underfull \hbox (badness 5161) in paragraph at lines 3144--3145
[]\OT1/cmr/m/n/10 Explain each item of equal-ity that you
 []


Underfull \hbox (badness 5490) in paragraph at lines 3191--3192
\OT1/cmr/m/n/10 en-thalpy by ap-pli-ca-tion of the Leg-en-dre
 []


Underfull \hbox (badness 10000) in paragraph at lines 3195--3196
[]\OT1/cmr/m/n/10 Are there other ways of cal-cu-lat-ing
 []


Underfull \hbox (badness 7256) in paragraph at lines 3195--3196
\OT1/cmr/m/n/10 Helmholtz free en-ergy $\OML/cmm/m/it/10 F$ \OT1/cmr/m/n/10 fro
m en-thalpy
 []


Underfull \hbox (badness 10000) in paragraph at lines 3197--3198
[]\OT1/cmr/m/n/10 Yes, us-ing Leg-en-dre trans-form chang-ing
 []

[31]
Underfull \hbox (badness 10000) in paragraph at lines 3291--3292
[]\OT1/cmr/m/n/10 How do they com-pare with the
 []


AED: lastpage setting LastPage
[32

]
Package atveryend Info: Empty hook `BeforeClearDocument' on input line 3297.
Package atveryend Info: Empty hook `AfterLastShipout' on input line 3297.
 (FINALS.aux)
Package atveryend Info: Executing hook `AtVeryEndDocument' on input line 3297.
Package atveryend Info: Executing hook `AtEndAfterFileList' on input line 3297.

Package rerunfilecheck Info: File `FINALS.out' has not changed.
(rerunfilecheck)             Checksum: 288CF726BF75B34A26CF5C49A9063E0B;3539.


LaTeX Warning: There were undefined references.


LaTeX Warning: There were multiply-defined labels.

Package atveryend Info: Empty hook `AtVeryVeryEnd' on input line 3297.
 ) 
Here is how much of TeX's memory you used:
 23719 strings out of 492973
 422481 string characters out of 3135926
 510751 words of memory out of 3000000
 26603 multiletter control sequences out of 15000+200000
 551221 words of font info for 101 fonts, out of 3000000 for 9000
 1141 hyphenation exceptions out of 8191
 46i,17n,63p,889b,940s stack positions out of 5000i,500n,10000p,200000b,50000s
<D:/Program Files/MiKTeX 2.9/fonts/type1/public/amsfonts/cm/cmbx10.pfb><D:/Pr
ogram Files/MiKTeX 2.9/fonts/type1/public/amsfonts/cm/cmbx12.pfb><D:/Program Fi
les/MiKTeX 2.9/fonts/type1/public/amsfonts/cm/cmbx7.pfb><D:/Program Files/MiKTe
X 2.9/fonts/type1/public/amsfonts/cm/cmex10.pfb><D:/Program Files/MiKTeX 2.9/fo
nts/type1/public/amsfonts/cmextra/cmex9.pfb><D:/Program Files/MiKTeX 2.9/fonts/
type1/public/amsfonts/cm/cmmi10.pfb><D:/Program Files/MiKTeX 2.9/fonts/type1/pu
blic/amsfonts/cm/cmmi12.pfb><D:/Program Files/MiKTeX 2.9/fonts/type1/public/ams
fonts/cm/cmmi5.pfb><D:/Program Files/MiKTeX 2.9/fonts/type1/public/amsfonts/cm/
cmmi6.pfb><D:/Program Files/MiKTeX 2.9/fonts/type1/public/amsfonts/cm/cmmi7.pfb
><D:/Program Files/MiKTeX 2.9/fonts/type1/public/amsfonts/cm/cmmi9.pfb><D:/Prog
ram Files/MiKTeX 2.9/fonts/type1/public/amsfonts/cm/cmr10.pfb><D:/Program Files
/MiKTeX 2.9/fonts/type1/public/amsfonts/cm/cmr12.pfb><D:/Program Files/MiKTeX 2
.9/fonts/type1/public/amsfonts/cm/cmr17.pfb><D:/Program Files/MiKTeX 2.9/fonts/
type1/public/amsfonts/cm/cmr5.pfb><D:/Program Files/MiKTeX 2.9/fonts/type1/publ
ic/amsfonts/cm/cmr6.pfb><D:/Program Files/MiKTeX 2.9/fonts/type1/public/amsfont
s/cm/cmr7.pfb><D:/Program Files/MiKTeX 2.9/fonts/type1/public/amsfonts/cm/cmr9.
pfb><D:/Program Files/MiKTeX 2.9/fonts/type1/public/amsfonts/cm/cmsy10.pfb><D:/
Program Files/MiKTeX 2.9/fonts/type1/public/amsfonts/cm/cmsy5.pfb><D:/Program F
iles/MiKTeX 2.9/fonts/type1/public/amsfonts/cm/cmsy7.pfb><D:/Program Files/MiKT
eX 2.9/fonts/type1/public/amsfonts/cm/cmsy9.pfb><D:/Program Files/MiKTeX 2.9/fo
nts/type1/public/amsfonts/cm/cmtt10.pfb><D:/Program Files/MiKTeX 2.9/fonts/type
1/public/amsfonts/symbols/msbm10.pfb><D:/Program Files/MiKTeX 2.9/fonts/type1/p
ublic/amsfonts/symbols/msbm7.pfb>
Output written on FINALS.pdf (34 pages, 726100 bytes).
PDF statistics:
 1477 PDF objects out of 1728 (max. 8388607)
 753 named destinations out of 1000 (max. 500000)
 381 words of extra memory for PDF output out of 10000 (max. 10000000)

